TN:
SF:C:\Users\Jackc\Desktop\Agile Assignment 1/app.js
FN:38,(anonymous_0)
FN:43,(anonymous_1)
FNF:2
FNH:0
FNDA:0,(anonymous_0)
FNDA:0,(anonymous_1)
DA:1,1
DA:2,1
DA:3,1
DA:4,1
DA:5,1
DA:8,1
DA:9,1
DA:13,1
DA:16,1
DA:17,1
DA:19,1
DA:20,1
DA:21,1
DA:22,1
DA:23,1
DA:27,1
DA:28,1
DA:29,1
DA:30,1
DA:32,1
DA:34,1
DA:35,1
DA:38,1
DA:39,0
DA:43,1
DA:45,0
DA:46,0
DA:49,0
DA:50,0
DA:56,1
LF:30
LH:25
BRDA:46,0,0,0
BRDA:46,0,1,0
BRDA:49,1,0,0
BRDA:49,1,1,0
BRF:4
BRH:0
end_of_record
TN:
SF:C:\Users\Jackc\Desktop\Agile Assignment 1\models/messages.js
FNF:0
FNH:0
DA:1,1
DA:3,1
DA:10,1
LF:3
LH:3
BRF:0
BRH:0
end_of_record
TN:
SF:C:\Users\Jackc\Desktop\Agile Assignment 1\models/users.js
FNF:0
FNH:0
DA:1,1
DA:3,1
DA:10,1
LF:3
LH:3
BRF:0
BRH:0
end_of_record
TN:
SF:C:\Users\Jackc\Desktop\Agile Assignment 1\routes/messages.js
FN:12,(anonymous_0)
FN:16,(anonymous_1)
FN:20,(anonymous_2)
FN:24,(anonymous_3)
FN:32,(anonymous_4)
FN:36,(anonymous_5)
FN:44,(anonymous_6)
FN:54,(anonymous_7)
FN:62,(anonymous_8)
FN:64,(anonymous_9)
FNF:10
FNH:9
FNDA:0,(anonymous_0)
FNDA:1,(anonymous_1)
FNDA:2,(anonymous_2)
FNDA:2,(anonymous_3)
FNDA:1,(anonymous_4)
FNDA:1,(anonymous_5)
FNDA:1,(anonymous_6)
FNDA:1,(anonymous_7)
FNDA:2,(anonymous_8)
FNDA:2,(anonymous_9)
DA:1,1
DA:2,1
DA:3,1
DA:4,1
DA:7,1
DA:8,1
DA:10,1
DA:12,1
DA:13,0
DA:16,1
DA:17,1
DA:20,1
DA:22,2
DA:24,2
DA:25,2
DA:26,0
DA:28,2
DA:32,1
DA:34,1
DA:36,1
DA:37,1
DA:38,0
DA:40,1
DA:44,1
DA:46,1
DA:48,1
DA:50,1
DA:51,1
DA:52,1
DA:54,1
DA:55,1
DA:56,0
DA:58,1
DA:62,1
DA:64,2
DA:65,2
DA:66,2
DA:68,0
DA:73,1
LF:39
LH:34
BRDA:25,0,0,0
BRDA:25,0,1,2
BRDA:37,1,0,0
BRDA:37,1,1,1
BRDA:55,2,0,0
BRDA:55,2,1,1
BRDA:65,3,0,2
BRDA:65,3,1,0
BRF:8
BRH:4
end_of_record
TN:
SF:C:\Users\Jackc\Desktop\Agile Assignment 1\routes/users.js
FN:12,(anonymous_0)
FN:16,(anonymous_1)
FN:20,(anonymous_2)
FN:24,(anonymous_3)
FN:44,(anonymous_4)
FN:54,(anonymous_5)
FN:62,(anonymous_6)
FN:64,(anonymous_7)
FNF:8
FNH:7
FNDA:0,(anonymous_0)
FNDA:1,(anonymous_1)
FNDA:2,(anonymous_2)
FNDA:2,(anonymous_3)
FNDA:1,(anonymous_4)
FNDA:1,(anonymous_5)
FNDA:2,(anonymous_6)
FNDA:2,(anonymous_7)
DA:1,1
DA:2,1
DA:3,1
DA:4,1
DA:7,1
DA:8,1
DA:10,1
DA:12,1
DA:13,0
DA:16,1
DA:17,1
DA:20,1
DA:22,2
DA:24,2
DA:25,2
DA:26,0
DA:28,2
DA:44,1
DA:46,1
DA:48,1
DA:50,1
DA:51,1
DA:52,1
DA:54,1
DA:55,1
DA:56,0
DA:58,1
DA:62,1
DA:64,2
DA:65,2
DA:66,2
DA:68,0
DA:71,1
LF:33
LH:29
BRDA:25,0,0,0
BRDA:25,0,1,2
BRDA:55,1,0,0
BRDA:55,1,1,1
BRDA:65,2,0,2
BRDA:65,2,1,0
BRF:6
BRH:3
end_of_record
